Using pre-set license
Built from '6000.0/staging' branch; Version is '6000.0.42f1 (feb9a7235030) revision 16693671'; Using compiler version '193933523'; Build Type 'Release'
OS: 'Windows 11  (10.0.22000) 64bit Core' Language: 'en' Physical Memory: 16227 MB
BatchMode: 1, IsHumanControllingUs: 0, StartBugReporterOnCrash: 0, Is64bit: 1, IsPro: 1

COMMAND LINE ARGUMENTS:
C:\Program Files\Unity\Hub\Editor\6000.0.42f1\Editor\Unity.exe
-adb2
-batchMode
-noUpm
-name
AssetImportWorker2
-projectPath
C:/Users/User/UnityProjects/RoyalRush
-logFile
Logs/AssetImportWorker2.log
-srvPort
60989
-job-worker-count
5
-background-job-worker-count
8
-gc-helper-count
1
Successfully changed project path to: C:/Users/User/UnityProjects/RoyalRush
C:/Users/User/UnityProjects/RoyalRush
[UnityMemory] Configuration Parameters - Can be set up in boot.config
    "memorysetup-bucket-allocator-granularity=16"
    "memorysetup-bucket-allocator-bucket-count=8"
    "memorysetup-bucket-allocator-block-size=33554432"
    "memorysetup-bucket-allocator-block-count=8"
    "memorysetup-main-allocator-block-size=16777216"
    "memorysetup-thread-allocator-block-size=16777216"
    "memorysetup-gfx-main-allocator-block-size=16777216"
    "memorysetup-gfx-thread-allocator-block-size=16777216"
    "memorysetup-cache-allocator-block-size=4194304"
    "memorysetup-typetree-allocator-block-size=2097152"
    "memorysetup-profiler-bucket-allocator-granularity=16"
    "memorysetup-profiler-bucket-allocator-bucket-count=8"
    "memorysetup-profiler-bucket-allocator-block-size=33554432"
    "memorysetup-profiler-bucket-allocator-block-count=8"
    "memorysetup-profiler-allocator-block-size=16777216"
    "memorysetup-profiler-editor-allocator-block-size=1048576"
    "memorysetup-temp-allocator-size-main=16777216"
    "memorysetup-job-temp-allocator-block-size=2097152"
    "memorysetup-job-temp-allocator-block-size-background=1048576"
    "memorysetup-job-temp-allocator-reduction-small-platforms=262144"
    "memorysetup-allocator-temp-initial-block-size-main=262144"
    "memorysetup-allocator-temp-initial-block-size-worker=262144"
    "memorysetup-temp-allocator-size-background-worker=32768"
    "memorysetup-temp-allocator-size-job-worker=262144"
    "memorysetup-temp-allocator-size-preload-manager=33554432"
    "memorysetup-temp-allocator-size-nav-mesh-worker=65536"
    "memorysetup-temp-allocator-size-audio-worker=65536"
    "memorysetup-temp-allocator-size-cloud-worker=32768"
    "memorysetup-temp-allocator-size-gi-baking-worker=262144"
    "memorysetup-temp-allocator-size-gi-baking-worker=262144"
    "memorysetup-temp-allocator-size-gi-baking-worker=262144"
    "memorysetup-temp-allocator-size-gi-baking-worker=262144"
    "memorysetup-temp-allocator-size-gi-baking-worker=262144"
    "memorysetup-temp-allocator-size-gfx=262144"
Player connection [9880]  Target information:

Player connection [9880]  * "[IP] 192.168.5.40 [Port] 0 [Flags] 2 [Guid] 2203381165 [EditorId] 2203381165 [Version] 1048832 [Id] WindowsEditor(7,Sahaj) [Debug] 1 [PackageName] WindowsEditor [ProjectName] Editor" 

Player connection [9880] Host joined multi-casting on [225.0.0.222:54997]...
Player connection [9880] Host joined alternative multi-casting on [225.0.0.222:34997]...
JobSystem: Creating JobQueue using job-worker-count value 5
Input System module state changed to: Initialized.
[Physics::Module] Initialized fallback backend.
[Physics::Module] Id: 0xdecafbad
Library Redirect Path: Library/
[Physics::Module] Selected backend.
[Physics::Module] Name: PhysX
[Physics::Module] Id: 0xf2b8ea05
[Physics::Module] SDK Version: 4.1.2
[Physics::Module] Integration Version: 1.0.0
[Physics::Module] Threading Mode: Multi-Threaded
Refreshing native plugins compatible for Editor in 1055.13 ms, found 9 plugins.
Preloading 1 native plugins for Editor in 2.44 ms.
Initialize engine version: 6000.0.42f1 (feb9a7235030)
[Subsystems] Discovering subsystems at path C:/Program Files/Unity/Hub/Editor/6000.0.42f1/Editor/Data/Resources/UnitySubsystems
[Subsystems] Discovering subsystems at path C:/Users/User/UnityProjects/RoyalRush/Assets
GfxDevice: creating device client; kGfxThreadingModeNonThreaded
Direct3D:
    Version:  Direct3D 11.0 [level 11.1]
    Renderer: NVIDIA GeForce GTX 1660 Ti (ID=0x2191)
    Vendor:   NVIDIA
    VRAM:     5991 MB
    Driver:   26.21.14.3081
Initialize mono
Mono path[0] = 'C:/Program Files/Unity/Hub/Editor/6000.0.42f1/Editor/Data/Managed'
Mono path[1] = 'C:/Program Files/Unity/Hub/Editor/6000.0.42f1/Editor/Data/MonoBleedingEdge/lib/mono/unityjit-win32'
Mono config path = 'C:/Program Files/Unity/Hub/Editor/6000.0.42f1/Editor/Data/MonoBleedingEdge/etc'
Using monoOptions --debugger-agent=transport=dt_socket,embedding=1,server=y,suspend=n,address=127.0.0.1:56072
Begin MonoManager ReloadAssembly
Registering precompiled unity dll's ...
Register platform support module: C:/Program Files/Unity/Hub/Editor/6000.0.42f1/Editor/Data/PlaybackEngines/WindowsStandaloneSupport/UnityEditor.WindowsStandalone.Extensions.dll
Register platform support module: C:/Program Files/Unity/Hub/Editor/6000.0.42f1/Editor/Data/PlaybackEngines/MetroSupport/UnityEditor.UWP.Extensions.dll
Registered in 0.928960 seconds.
- Loaded All Assemblies, in 18.322 seconds
Native extension for UWP target not found
Native extension for WindowsStandalone target not found
Mono: successfully reloaded assembly
- Finished resetting the current domain, in  0.592 seconds
Domain Reload Profiling: 18913ms
	BeginReloadAssembly (14807ms)
		ExecutionOrderSort (0ms)
		DisableScriptedObjects (0ms)
		BackupInstance (0ms)
		ReleaseScriptingObjects (0ms)
		CreateAndSetChildDomain (2ms)
	RebuildCommonClasses (792ms)
	RebuildNativeTypeToScriptingClass (19ms)
	initialDomainReloadingComplete (1009ms)
	LoadAllAssembliesAndSetupDomain (1693ms)
		LoadAssemblies (14817ms)
		RebuildTransferFunctionScriptingTraits (0ms)
		AnalyzeDomain (1673ms)
			TypeCache.Refresh (1672ms)
				TypeCache.ScanAssembly (1216ms)
			BuildScriptInfoCaches (0ms)
			ResolveRequiredComponents (1ms)
	FinalizeReload (593ms)
		ReleaseScriptCaches (0ms)
		RebuildScriptCaches (0ms)
		SetupLoadedEditorAssemblies (527ms)
			LogAssemblyErrors (0ms)
			InitializePlatformSupportModulesInManaged (87ms)
			SetLoadedEditorAssemblies (6ms)
			BeforeProcessingInitializeOnLoad (98ms)
			ProcessInitializeOnLoadAttributes (230ms)
			ProcessInitializeOnLoadMethodAttributes (105ms)
			AfterProcessingInitializeOnLoad (0ms)
			EditorAssembliesLoaded (0ms)
		ExecutionOrderSort2 (0ms)
		AwakeInstancesAfterBackupRestoration (0ms)
Assembly reference Packages/com.unity.cinemachine/Editor/Samples/ExposeHDRPInternals/HDRP-Editor-ref.asmref has no target assembly definition
========================================================================
Worker process is ready to serve import requests
Import Worker Mode flag is 0x00
Assembly reference Packages/com.unity.cinemachine/Editor/Samples/ExposeHDRPInternals/HDRP-Editor-ref.asmref has no target assembly definition
Assembly reference Packages/com.unity.cinemachine/Editor/Samples/ExposeHDRPInternals/HDRP-Editor-ref.asmref has no target assembly definition
Begin MonoManager ReloadAssembly
- Loaded All Assemblies, in 15.020 seconds
Assembly reference Packages/com.unity.cinemachine/Editor/Samples/ExposeHDRPInternals/HDRP-Editor-ref.asmref has no target assembly definition
'Packages/com.unity.cinemachine/Editor/Obsolete/CinemachineVirtualCameraBaseEditor.cs' contains partial class of Unity.Object, exactly 1 of the partial classes needs to be in a file with the same filename. This is to know the one that can be referenced from ie. GameObjects
'Packages/com.unity.cinemachine/Editor/Editors/CinemachineVirtualCameraBaseEditor.cs' contains partial class of Unity.Object, exactly 1 of the partial classes needs to be in a file with the same filename. This is to know the one that can be referenced from ie. GameObjects
Refreshing native plugins compatible for Editor in 4.96 ms, found 9 plugins.
Native extension for UWP target not found
Native extension for WindowsStandalone target not found
Assembly reference Packages/com.unity.cinemachine/Editor/Samples/ExposeHDRPInternals/HDRP-Editor-ref.asmref has no target assembly definition
Package Manager log level set to [2]
[Package Manager] Failed to launch server process. Reason: Unity was launched with the -noUpm command-line argument
[Package Manager] Unable to send message (not connected to server process).
[Package Manager] Cannot connect to Unity Package Manager local server
[Package Manager] Failed to launch server process. Reason: Unity was launched with the -noUpm command-line argument
[Package Manager] Unable to send message (not connected to server process).
[Package Manager] Cannot connect to Unity Package Manager local server
Mono: successfully reloaded assembly
- Finished resetting the current domain, in  1.490 seconds
Domain Reload Profiling: 16507ms
	BeginReloadAssembly (302ms)
		ExecutionOrderSort (0ms)
		DisableScriptedObjects (10ms)
		BackupInstance (0ms)
		ReleaseScriptingObjects (0ms)
		CreateAndSetChildDomain (50ms)
	RebuildCommonClasses (80ms)
	RebuildNativeTypeToScriptingClass (18ms)
	initialDomainReloadingComplete (56ms)
	LoadAllAssembliesAndSetupDomain (14559ms)
		LoadAssemblies (13576ms)
		RebuildTransferFunctionScriptingTraits (0ms)
		AnalyzeDomain (1165ms)
			TypeCache.Refresh (1018ms)
				TypeCache.ScanAssembly (911ms)
			BuildScriptInfoCaches (117ms)
			ResolveRequiredComponents (25ms)
	FinalizeReload (1491ms)
		ReleaseScriptCaches (0ms)
		RebuildScriptCaches (0ms)
		SetupLoadedEditorAssemblies (1057ms)
			LogAssemblyErrors (0ms)
			InitializePlatformSupportModulesInManaged (19ms)
			SetLoadedEditorAssemblies (5ms)
			BeforeProcessingInitializeOnLoad (208ms)
			ProcessInitializeOnLoadAttributes (650ms)
			ProcessInitializeOnLoadMethodAttributes (169ms)
			AfterProcessingInitializeOnLoad (6ms)
			EditorAssembliesLoaded (0ms)
		ExecutionOrderSort2 (0ms)
		AwakeInstancesAfterBackupRestoration (7ms)
Launched and connected shader compiler UnityShaderCompiler.exe after 0.06 seconds
Refreshing native plugins compatible for Editor in 4.62 ms, found 9 plugins.
Preloading 1 native plugins for Editor in 0.07 ms.
Unloading 233 Unused Serialized files (Serialized files now loaded: 0)
Unloading 6911 unused Assets / (5.5 MB). Loaded Objects now: 7631.
Memory consumption went from 195.7 MB to 190.2 MB.
Total: 17.638000 ms (FindLiveObjects: 1.016500 ms CreateObjectMapping: 2.441400 ms MarkObjects: 9.823900 ms  DeleteObjects: 4.354400 ms)

========================================================================
Received Import Request.
  Time since last request: 1300040.009543 seconds.
  path: Assets/Prefabs/Chunks/Checkpoint.prefab
  artifactKey: Guid(2c1470af567be6245839b76df6dcb37f) Importer(815301076,1909f56bfc062723c751e8b465ee728b)
Start importing Assets/Prefabs/Chunks/Checkpoint.prefab using Guid(2c1470af567be6245839b76df6dcb37f) Importer(815301076,1909f56bfc062723c751e8b465ee728b) (PreviewImporter) -> (artifact id: '1d3cd0bd908f97f1122d99f54782f9e5') in 14.501518 seconds
Number of updated asset objects reloaded before import = 0Number of asset objects unloaded after import = 287

========================================================================
Received Import Request.
  Time since last request: 35.842642 seconds.
  path: Assets/Fonts/Bold Magic SDF.asset
  artifactKey: Guid(e3902bca8bcb12f4ba425756fc6a5363) Importer(2089858483,192608db42251d675da83286b1cce702)
Start importing Assets/Fonts/Bold Magic SDF.asset using Guid(e3902bca8bcb12f4ba425756fc6a5363) Importer(2089858483,192608db42251d675da83286b1cce702) (ScriptedImporter) -> (artifact id: '5d20b71b52b481ff7bd201f71794a9d5') in 0.5781852 seconds
Number of updated asset objects reloaded before import = 0Number of asset objects unloaded after import = 3

========================================================================
Received Import Request.
  Time since last request: 0.000039 seconds.
  path: Assets/PhysicsMaterial/Bench.physicMaterial
  artifactKey: Guid(a447cdb49cf6aee44ac3b6e61754bae2) Importer(2089858483,192608db42251d675da83286b1cce702)
Start importing Assets/PhysicsMaterial/Bench.physicMaterial using Guid(a447cdb49cf6aee44ac3b6e61754bae2) Importer(2089858483,192608db42251d675da83286b1cce702) (ScriptedImporter) -> (artifact id: '22f7c969515cc6d3eb6a9fb6615cc4ca') in 0.0309478 seconds
Number of updated asset objects reloaded before import = 0Number of asset objects unloaded after import = 1

========================================================================
Received Import Request.
  Time since last request: 0.000098 seconds.
  path: Assets/Scripts/Rock.cs
  artifactKey: Guid(ba0bcddf229ccb947a0a071289a71c4b) Importer(2089858483,192608db42251d675da83286b1cce702)
Start importing Assets/Scripts/Rock.cs using Guid(ba0bcddf229ccb947a0a071289a71c4b) Importer(2089858483,192608db42251d675da83286b1cce702) (ScriptedImporter) -> (artifact id: 'b2022ebd44a5b85fa6d3c25d0928c148') in 0.0262776 seconds
Number of updated asset objects reloaded before import = 0Number of asset objects unloaded after import = 0

========================================================================
Received Import Request.
  Time since last request: 0.000032 seconds.
  path: Assets/TextMesh Pro/Shaders/TMP_Bitmap.shader
  artifactKey: Guid(128e987d567d4e2c824d754223b3f3b0) Importer(2089858483,192608db42251d675da83286b1cce702)
Start importing Assets/TextMesh Pro/Shaders/TMP_Bitmap.shader using Guid(128e987d567d4e2c824d754223b3f3b0) Importer(2089858483,192608db42251d675da83286b1cce702) (ScriptedImporter) -> (artifact id: 'f40200b31783c6879b170a8f994ca964') in 0.0286035 seconds
Number of updated asset objects reloaded before import = 0Number of asset objects unloaded after import = 1

========================================================================
Received Import Request.
  Time since last request: 0.000031 seconds.
  path: Assets/TextMesh Pro/Shaders/TMP_SDF Overlay.shader
  artifactKey: Guid(dd89cf5b9246416f84610a006f916af7) Importer(2089858483,192608db42251d675da83286b1cce702)
Start importing Assets/TextMesh Pro/Shaders/TMP_SDF Overlay.shader using Guid(dd89cf5b9246416f84610a006f916af7) Importer(2089858483,192608db42251d675da83286b1cce702) (ScriptedImporter) -> (artifact id: '7cfadf8da9b221b86185b1c15a77da4a') in 0.0177474 seconds
Number of updated asset objects reloaded before import = 0Number of asset objects unloaded after import = 1

========================================================================
Received Import Request.
  Time since last request: 0.000031 seconds.
  path: Assets/Imported Assets/MixamoAnimations/Stumble.anim
  artifactKey: Guid(721701b5b5fadf84695921325bc5a5c3) Importer(2089858483,192608db42251d675da83286b1cce702)
Start importing Assets/Imported Assets/MixamoAnimations/Stumble.anim using Guid(721701b5b5fadf84695921325bc5a5c3) Importer(2089858483,192608db42251d675da83286b1cce702) (ScriptedImporter) -> (artifact id: '5b5d621427aa22328c98b084afd688f0') in 0.1276205 seconds
Number of updated asset objects reloaded before import = 0Number of asset objects unloaded after import = 1

========================================================================
Received Import Request.
  Time since last request: 0.000063 seconds.
  path: Assets/Imported Assets/GDTV Assets/Models/Banner_Pole_Prop.fbx
  artifactKey: Guid(468b86ff572c21d4e93e898cacb3c423) Importer(2089858483,192608db42251d675da83286b1cce702)
Start importing Assets/Imported Assets/GDTV Assets/Models/Banner_Pole_Prop.fbx using Guid(468b86ff572c21d4e93e898cacb3c423) Importer(2089858483,192608db42251d675da83286b1cce702) (ScriptedImporter) -> (artifact id: '8afd78b8a5acc7310f4fa9c9c6980a8a') in 0.1031958 seconds
Number of updated asset objects reloaded before import = 0Number of asset objects unloaded after import = 7

========================================================================
Received Import Request.
  Time since last request: 0.000032 seconds.
  path: Assets/TextMesh Pro/Resources/LineBreaking Following Characters.txt
  artifactKey: Guid(fade42e8bc714b018fac513c043d323b) Importer(2089858483,192608db42251d675da83286b1cce702)
Start importing Assets/TextMesh Pro/Resources/LineBreaking Following Characters.txt using Guid(fade42e8bc714b018fac513c043d323b) Importer(2089858483,192608db42251d675da83286b1cce702) (ScriptedImporter) -> (artifact id: '8f620dbcbe02c8801beafeb756b75824') in 0.0310042 seconds
Number of updated asset objects reloaded before import = 0Number of asset objects unloaded after import = 1

========================================================================
Received Import Request.
  Time since last request: 0.000039 seconds.
  path: Assets/Scripts/PropGen/ObstacleDestroy.cs
  artifactKey: Guid(122dc068221d309479de70e78ffe0259) Importer(2089858483,192608db42251d675da83286b1cce702)
Start importing Assets/Scripts/PropGen/ObstacleDestroy.cs using Guid(122dc068221d309479de70e78ffe0259) Importer(2089858483,192608db42251d675da83286b1cce702) (ScriptedImporter) -> (artifact id: '729e027da75ed0f6eec84850fc6ff523') in 0.0187813 seconds
Number of updated asset objects reloaded before import = 0Number of asset objects unloaded after import = 0

========================================================================
Received Import Request.
  Time since last request: 0.000050 seconds.
  path: Assets/Materials/Speedupparticle.mat
  artifactKey: Guid(5dd8cba0ee6fc9e4fa6d6e6b8b6b60bd) Importer(2089858483,192608db42251d675da83286b1cce702)
Start importing Assets/Materials/Speedupparticle.mat using Guid(5dd8cba0ee6fc9e4fa6d6e6b8b6b60bd) Importer(2089858483,192608db42251d675da83286b1cce702) (ScriptedImporter) -> (artifact id: '4805de06361a3587908e5304965810fa') in 0.1474954 seconds
Number of updated asset objects reloaded before import = 0Number of asset objects unloaded after import = 2

========================================================================
Received Import Request.
  Time since last request: 0.000033 seconds.
  path: Assets/Imported Assets/GDTV Assets/Models/SM_Powerup_Coin_Gold.fbx
  artifactKey: Guid(e5b208f628a6a7d4898c966321977228) Importer(2089858483,192608db42251d675da83286b1cce702)
Start importing Assets/Imported Assets/GDTV Assets/Models/SM_Powerup_Coin_Gold.fbx using Guid(e5b208f628a6a7d4898c966321977228) Importer(2089858483,192608db42251d675da83286b1cce702) (ScriptedImporter) -> (artifact id: '44112699487d8706b18f734a37398a85') in 0.0332784 seconds
Number of updated asset objects reloaded before import = 0Number of asset objects unloaded after import = 7

========================================================================
Received Import Request.
  Time since last request: 0.000079 seconds.
  path: Assets/Imported Assets/GDTV Assets/Materials and Textures/Castle-Palette-Material.mat
  artifactKey: Guid(b20396b4a8fc9ea4598cbb3f8d4ff60d) Importer(2089858483,192608db42251d675da83286b1cce702)
Start importing Assets/Imported Assets/GDTV Assets/Materials and Textures/Castle-Palette-Material.mat using Guid(b20396b4a8fc9ea4598cbb3f8d4ff60d) Importer(2089858483,192608db42251d675da83286b1cce702) (ScriptedImporter) -> (artifact id: '5707c6d5765d809e49c0ec713bfa99da') in 0.0263115 seconds
Number of updated asset objects reloaded before import = 0Number of asset objects unloaded after import = 4

========================================================================
Received Import Request.
  Time since last request: 0.000063 seconds.
  path: Assets/Scripts/Player/CameraController.cs
  artifactKey: Guid(9e0a3dffc22aa4a409b5539ac3c4c9fb) Importer(2089858483,192608db42251d675da83286b1cce702)
Start importing Assets/Scripts/Player/CameraController.cs using Guid(9e0a3dffc22aa4a409b5539ac3c4c9fb) Importer(2089858483,192608db42251d675da83286b1cce702) (ScriptedImporter) -> (artifact id: 'f42d8935bb56302bb729c511fd4268fc') in 0.0256134 seconds
Number of updated asset objects reloaded before import = 0Number of asset objects unloaded after import = 0

========================================================================
Received Import Request.
  Time since last request: 0.000037 seconds.
  path: Assets/Materials/Fog Particle.mat
  artifactKey: Guid(6fc27effa602f9f499c8b7a433fcd73d) Importer(2089858483,192608db42251d675da83286b1cce702)
Start importing Assets/Materials/Fog Particle.mat using Guid(6fc27effa602f9f499c8b7a433fcd73d) Importer(2089858483,192608db42251d675da83286b1cce702) (ScriptedImporter) -> (artifact id: '13559bf0bbec9ce155eb54bbfc6776ef') in 0.0588138 seconds
Number of updated asset objects reloaded before import = 0Number of asset objects unloaded after import = 2

========================================================================
Received Import Request.
  Time since last request: 0.000036 seconds.
  path: Assets/Settings/Mobile_Renderer.asset
  artifactKey: Guid(65bc7dbf4170f435aa868c779acfb082) Importer(2089858483,192608db42251d675da83286b1cce702)
Start importing Assets/Settings/Mobile_Renderer.asset using Guid(65bc7dbf4170f435aa868c779acfb082) Importer(2089858483,192608db42251d675da83286b1cce702) (ScriptedImporter) -> (artifact id: '25b0d0870eb054fa21189d4d6deff085') in 0.0844227 seconds
Number of updated asset objects reloaded before import = 0Number of asset objects unloaded after import = 1

========================================================================
Received Import Request.
  Time since last request: 0.000081 seconds.
  path: Assets/Imported Assets/GDTV Assets/Prefabs/Barrel_Wooden_Prop.prefab
  artifactKey: Guid(01b0d7cd3288fb04aa0c7ed55acafb11) Importer(2089858483,192608db42251d675da83286b1cce702)
Start importing Assets/Imported Assets/GDTV Assets/Prefabs/Barrel_Wooden_Prop.prefab using Guid(01b0d7cd3288fb04aa0c7ed55acafb11) Importer(2089858483,192608db42251d675da83286b1cce702) (ScriptedImporter) -> (artifact id: '45e44736320a57b91c02947763342fff') in 0.0606963 seconds
Number of updated asset objects reloaded before import = 0Number of asset objects unloaded after import = 9

========================================================================
Received Import Request.
  Time since last request: 0.000079 seconds.
  path: Assets/Imported Assets/GDTV Assets/Models/Wooden_Beam_Prop_07.fbx
  artifactKey: Guid(53206b7a30e661c4db1afed096c4fff7) Importer(2089858483,192608db42251d675da83286b1cce702)
Start importing Assets/Imported Assets/GDTV Assets/Models/Wooden_Beam_Prop_07.fbx using Guid(53206b7a30e661c4db1afed096c4fff7) Importer(2089858483,192608db42251d675da83286b1cce702) (ScriptedImporter) -> (artifact id: '5daf9f56344058e612eaa9459f0b021c') in 0.0556386 seconds
Number of updated asset objects reloaded before import = 0Number of asset objects unloaded after import = 7

========================================================================
Received Import Request.
  Time since last request: 0.000060 seconds.
  path: Assets/Imported Assets/GDTV Assets/Prefabs/Chair_Wooden_Furn_04.prefab
  artifactKey: Guid(fb5e4c107a8467043a7603e936d86a47) Importer(2089858483,192608db42251d675da83286b1cce702)
Start importing Assets/Imported Assets/GDTV Assets/Prefabs/Chair_Wooden_Furn_04.prefab using Guid(fb5e4c107a8467043a7603e936d86a47) Importer(2089858483,192608db42251d675da83286b1cce702) (ScriptedImporter) -> (artifact id: '1a274a8c5202b1bef83efc6ae31d1947') in 0.0928571 seconds
Number of updated asset objects reloaded before import = 0Number of asset objects unloaded after import = 9

========================================================================
Received Import Request.
  Time since last request: 0.000900 seconds.
  path: Assets/Scripts/Pickups/Pickup.cs
  artifactKey: Guid(b5e923107c2c20c48a86d6723f074820) Importer(2089858483,192608db42251d675da83286b1cce702)
Start importing Assets/Scripts/Pickups/Pickup.cs using Guid(b5e923107c2c20c48a86d6723f074820) Importer(2089858483,192608db42251d675da83286b1cce702) (ScriptedImporter) -> (artifact id: '5dfb30f997d98bb9a588883291c7e1e8') in 0.0202848 seconds
Number of updated asset objects reloaded before import = 0Number of asset objects unloaded after import = 0

========================================================================
Received Import Request.
  Time since last request: 0.000061 seconds.
  path: Assets/Imported Assets/GDTV Assets/Materials and Textures/Castle-Emission.png
  artifactKey: Guid(87a2fb48c1f035247816574d433fbe12) Importer(2089858483,192608db42251d675da83286b1cce702)
Start importing Assets/Imported Assets/GDTV Assets/Materials and Textures/Castle-Emission.png using Guid(87a2fb48c1f035247816574d433fbe12) Importer(2089858483,192608db42251d675da83286b1cce702) (ScriptedImporter) -> (artifact id: '8aa83f0fba72469858901cd56965bab9') in 0.0670765 seconds
Number of updated asset objects reloaded before import = 0Number of asset objects unloaded after import = 1

========================================================================
Received Import Request.
  Time since last request: 0.000029 seconds.
  path: Assets/PhysicsMaterial/Chest.physicMaterial
  artifactKey: Guid(f896299dc1384404c985a3d4386b81c4) Importer(2089858483,192608db42251d675da83286b1cce702)
Start importing Assets/PhysicsMaterial/Chest.physicMaterial using Guid(f896299dc1384404c985a3d4386b81c4) Importer(2089858483,192608db42251d675da83286b1cce702) (ScriptedImporter) -> (artifact id: '1365459932f8954e6c0db7855030cf89') in 0.0195213 seconds
Number of updated asset objects reloaded before import = 0Number of asset objects unloaded after import = 1

========================================================================
Received Import Request.
  Time since last request: 0.000042 seconds.
  path: Assets/Imported Assets/GDTV Assets/Materials and Textures/castle-colour-palette.png
  artifactKey: Guid(537e3b8237afd4c4082486ad963e88a7) Importer(2089858483,192608db42251d675da83286b1cce702)
Start importing Assets/Imported Assets/GDTV Assets/Materials and Textures/castle-colour-palette.png using Guid(537e3b8237afd4c4082486ad963e88a7) Importer(2089858483,192608db42251d675da83286b1cce702) (ScriptedImporter) -> (artifact id: '8b0ba24ba079364ca85549aaefdd6ba4') in 0.0402886 seconds
Number of updated asset objects reloaded before import = 0Number of asset objects unloaded after import = 1

========================================================================
Received Import Request.
  Time since last request: 0.000048 seconds.
  path: Assets/TextMesh Pro/Shaders/TMP_SDF-Surface.shader
  artifactKey: Guid(f7ada0af4f174f0694ca6a487b8f543d) Importer(2089858483,192608db42251d675da83286b1cce702)
Start importing Assets/TextMesh Pro/Shaders/TMP_SDF-Surface.shader using Guid(f7ada0af4f174f0694ca6a487b8f543d) Importer(2089858483,192608db42251d675da83286b1cce702) (ScriptedImporter) -> (artifact id: 'd1aa830d214d54cb62369b2b442c9246') in 0.0216608 seconds
Number of updated asset objects reloaded before import = 0Number of asset objects unloaded after import = 1

========================================================================
Received Import Request.
  Time since last request: 0.000055 seconds.
  path: Assets/TextMesh Pro/Shaders/TMPro_Properties.cginc
  artifactKey: Guid(3997e2241185407d80309a82f9148466) Importer(2089858483,192608db42251d675da83286b1cce702)
Start importing Assets/TextMesh Pro/Shaders/TMPro_Properties.cginc using Guid(3997e2241185407d80309a82f9148466) Importer(2089858483,192608db42251d675da83286b1cce702) (ScriptedImporter) -> (artifact id: 'b69e6331bb91add68df054c9564fc2ae') in 0.032443 seconds
Number of updated asset objects reloaded before import = 0Number of asset objects unloaded after import = 1

========================================================================
Received Import Request.
  Time since last request: 0.000029 seconds.
  path: Assets/Prefabs/Fence.prefab
  artifactKey: Guid(23effaa9d834c6745919346c2d011f37) Importer(2089858483,192608db42251d675da83286b1cce702)
Start importing Assets/Prefabs/Fence.prefab using Guid(23effaa9d834c6745919346c2d011f37) Importer(2089858483,192608db42251d675da83286b1cce702) (ScriptedImporter) -> (artifact id: 'c57a492279f835bf96fd560ed65dd780') in 0.0442947 seconds
Number of updated asset objects reloaded before import = 0Number of asset objects unloaded after import = 17

========================================================================
Received Import Request.
  Time since last request: 0.000029 seconds.
  path: Assets/TextMesh Pro/Resources/Fonts & Materials/LiberationSans SDF - Outline.mat
  artifactKey: Guid(79459efec17a4d00a321bdcc27bbc385) Importer(2089858483,192608db42251d675da83286b1cce702)
Start importing Assets/TextMesh Pro/Resources/Fonts & Materials/LiberationSans SDF - Outline.mat using Guid(79459efec17a4d00a321bdcc27bbc385) Importer(2089858483,192608db42251d675da83286b1cce702) (ScriptedImporter) -> (artifact id: '409a4cf009ce67fc14acedb1d9f76846') in 0.0574839 seconds
Number of updated asset objects reloaded before import = 0Number of asset objects unloaded after import = 2

========================================================================
Received Import Request.
  Time since last request: 0.000041 seconds.
  path: Assets/TextMesh Pro/Resources/Fonts & Materials/LiberationSans SDF - Fallback.asset
  artifactKey: Guid(2e498d1c8094910479dc3e1b768306a4) Importer(2089858483,192608db42251d675da83286b1cce702)
Start importing Assets/TextMesh Pro/Resources/Fonts & Materials/LiberationSans SDF - Fallback.asset using Guid(2e498d1c8094910479dc3e1b768306a4) Importer(2089858483,192608db42251d675da83286b1cce702) (ScriptedImporter) -> (artifact id: '354bc64bdbd4fab277e82994e38be939') in 0.0402372 seconds
Number of updated asset objects reloaded before import = 0Number of asset objects unloaded after import = 5

========================================================================
Received Import Request.
  Time since last request: 0.000061 seconds.
  path: Assets/TextMesh Pro/Resources/Sprite Assets/EmojiOne.asset
  artifactKey: Guid(c41005c129ba4d66911b75229fd70b45) Importer(2089858483,192608db42251d675da83286b1cce702)
Start importing Assets/TextMesh Pro/Resources/Sprite Assets/EmojiOne.asset using Guid(c41005c129ba4d66911b75229fd70b45) Importer(2089858483,192608db42251d675da83286b1cce702) (ScriptedImporter) -> (artifact id: '77d12e1708eab1e7eee804727a12b3ec') in 0.0273135 seconds
Number of updated asset objects reloaded before import = 0Number of asset objects unloaded after import = 3

========================================================================
Received Import Request.
  Time since last request: 0.000032 seconds.
  path: Assets/Imported Assets/GDTV Assets/Prefabs/Tree_Stump_Vege_01.prefab
  artifactKey: Guid(0fea0fb09c334714c91e6341b0890375) Importer(2089858483,192608db42251d675da83286b1cce702)
Start importing Assets/Imported Assets/GDTV Assets/Prefabs/Tree_Stump_Vege_01.prefab using Guid(0fea0fb09c334714c91e6341b0890375) Importer(2089858483,192608db42251d675da83286b1cce702) (ScriptedImporter) -> (artifact id: '1679303c86a3018ad3ec1e8d4df2ac62') in 0.0678678 seconds
Number of updated asset objects reloaded before import = 0Number of asset objects unloaded after import = 9

========================================================================
Received Import Request.
  Time since last request: 0.000035 seconds.
  path: Assets/Imported Assets/GDTV Assets/Models/Path_Cobblestone_Env_03.fbx
  artifactKey: Guid(0912617fbeea7cc48bd07bc266eed7c6) Importer(2089858483,192608db42251d675da83286b1cce702)
Start importing Assets/Imported Assets/GDTV Assets/Models/Path_Cobblestone_Env_03.fbx using Guid(0912617fbeea7cc48bd07bc266eed7c6) Importer(2089858483,192608db42251d675da83286b1cce702) (ScriptedImporter) -> (artifact id: '1a35f913580c58ca919fd265b8ade0e0') in 0.0399631 seconds
Number of updated asset objects reloaded before import = 0Number of asset objects unloaded after import = 7

========================================================================
Received Import Request.
  Time since last request: 0.000042 seconds.
  path: Assets/TextMesh Pro/Shaders/TMP_SDF-Surface-Mobile.shader
  artifactKey: Guid(85187c2149c549c5b33f0cdb02836b17) Importer(2089858483,192608db42251d675da83286b1cce702)
Start importing Assets/TextMesh Pro/Shaders/TMP_SDF-Surface-Mobile.shader using Guid(85187c2149c549c5b33f0cdb02836b17) Importer(2089858483,192608db42251d675da83286b1cce702) (ScriptedImporter) -> (artifact id: 'a15c7f5b6aaa22e50ca9e9cb51c5435d') in 0.0197659 seconds
Number of updated asset objects reloaded before import = 0Number of asset objects unloaded after import = 1

========================================================================
Received Import Request.
  Time since last request: 0.000044 seconds.
  path: Assets/Imported Assets/skybox DEMO/textures/2048x1024/16.png
  artifactKey: Guid(ba2092adc72bd7043af2eb2117d2e165) Importer(2089858483,192608db42251d675da83286b1cce702)
Start importing Assets/Imported Assets/skybox DEMO/textures/2048x1024/16.png using Guid(ba2092adc72bd7043af2eb2117d2e165) Importer(2089858483,192608db42251d675da83286b1cce702) (ScriptedImporter) -> (artifact id: 'b1cb0da549e60baece97e9839634ec7f') in 0.0593848 seconds
Number of updated asset objects reloaded before import = 0Number of asset objects unloaded after import = 1

========================================================================
Received Import Request.
  Time since last request: 0.000076 seconds.
  path: Assets/Imported Assets/skybox DEMO/textures/1920x1080/15.png
  artifactKey: Guid(e873e24fba8ef904685c23da417cbe48) Importer(2089858483,192608db42251d675da83286b1cce702)
Start importing Assets/Imported Assets/skybox DEMO/textures/1920x1080/15.png using Guid(e873e24fba8ef904685c23da417cbe48) Importer(2089858483,192608db42251d675da83286b1cce702) (ScriptedImporter) -> (artifact id: '17f9b6e925ad58029ec14bd88c0dc4b2') in 0.0483307 seconds
Number of updated asset objects reloaded before import = 0Number of asset objects unloaded after import = 1

========================================================================
Received Import Request.
  Time since last request: 0.000046 seconds.
  path: Assets/Imported Assets/skybox DEMO/textures/1920x1080/12.png
  artifactKey: Guid(753cdde0088c70144a50a3137edb86a0) Importer(2089858483,192608db42251d675da83286b1cce702)
Start importing Assets/Imported Assets/skybox DEMO/textures/1920x1080/12.png using Guid(753cdde0088c70144a50a3137edb86a0) Importer(2089858483,192608db42251d675da83286b1cce702) (ScriptedImporter) -> (artifact id: 'a4c8a73acb6ca79b4155db9f684aa032') in 0.0424896 seconds
Number of updated asset objects reloaded before import = 0Number of asset objects unloaded after import = 1

========================================================================
Received Import Request.
  Time since last request: 0.000118 seconds.
  path: Assets/Prefabs/FallingObstacles/Chest.prefab
  artifactKey: Guid(47d8219947746894f9eb3fa4e83218ef) Importer(2089858483,192608db42251d675da83286b1cce702)
Start importing Assets/Prefabs/FallingObstacles/Chest.prefab using Guid(47d8219947746894f9eb3fa4e83218ef) Importer(2089858483,192608db42251d675da83286b1cce702) (ScriptedImporter) -> (artifact id: 'e8652094aec4830ae8cedbe31033d02a') in 0.0602886 seconds
Number of updated asset objects reloaded before import = 0Number of asset objects unloaded after import = 27

========================================================================
Received Import Request.
  Time since last request: 0.000029 seconds.
  path: Assets/Imported Assets/skybox DEMO/textures/1920x1080/Materials/15.mat
  artifactKey: Guid(1306eaf67fcac644e9529498b8568f5b) Importer(2089858483,192608db42251d675da83286b1cce702)
Start importing Assets/Imported Assets/skybox DEMO/textures/1920x1080/Materials/15.mat using Guid(1306eaf67fcac644e9529498b8568f5b) Importer(2089858483,192608db42251d675da83286b1cce702) (ScriptedImporter) -> (artifact id: 'ddced3ab837adc58f3b043c0d6a5d4ee') in 0.0355445 seconds
Number of updated asset objects reloaded before import = 0Number of asset objects unloaded after import = 2

========================================================================
Received Import Request.
  Time since last request: 0.000031 seconds.
  path: Assets/Imported Assets/skybox DEMO/textures/1920x1080/Materials/14.mat
  artifactKey: Guid(67860cb852928374d9c23dd63dab5eaa) Importer(2089858483,192608db42251d675da83286b1cce702)
Start importing Assets/Imported Assets/skybox DEMO/textures/1920x1080/Materials/14.mat using Guid(67860cb852928374d9c23dd63dab5eaa) Importer(2089858483,192608db42251d675da83286b1cce702) (ScriptedImporter) -> (artifact id: '357b1c00c5bd3487e15457083e394134') in 0.0504359 seconds
Number of updated asset objects reloaded before import = 0Number of asset objects unloaded after import = 2

========================================================================
Received Import Request.
  Time since last request: 0.000067 seconds.
  path: Assets/Imported Assets/skybox DEMO/textures/4096x2048/7.png
  artifactKey: Guid(13058fff9486cb4479dca929afcd0acf) Importer(2089858483,192608db42251d675da83286b1cce702)
Start importing Assets/Imported Assets/skybox DEMO/textures/4096x2048/7.png using Guid(13058fff9486cb4479dca929afcd0acf) Importer(2089858483,192608db42251d675da83286b1cce702) (ScriptedImporter) -> (artifact id: 'b378a6ddce725d6f76c25d59d7a7463b') in 0.0862068 seconds
Number of updated asset objects reloaded before import = 0Number of asset objects unloaded after import = 1

========================================================================
Received Import Request.
  Time since last request: 0.000036 seconds.
  path: Assets/Scripts/Managers/ScoreManager.cs
  artifactKey: Guid(d07e0191dbb01874f90d9ce63658f167) Importer(2089858483,192608db42251d675da83286b1cce702)
Start importing Assets/Scripts/Managers/ScoreManager.cs using Guid(d07e0191dbb01874f90d9ce63658f167) Importer(2089858483,192608db42251d675da83286b1cce702) (ScriptedImporter) -> (artifact id: '1aa3fed887a6fa539f0f92d3d2f6e2bd') in 0.0239608 seconds
Number of updated asset objects reloaded before import = 0Number of asset objects unloaded after import = 0

========================================================================
Received Import Request.
  Time since last request: 0.000027 seconds.
  path: Assets/TextMesh Pro/Resources/LineBreaking Leading Characters.txt
  artifactKey: Guid(d82c1b31c7e74239bff1220585707d2b) Importer(2089858483,192608db42251d675da83286b1cce702)
Start importing Assets/TextMesh Pro/Resources/LineBreaking Leading Characters.txt using Guid(d82c1b31c7e74239bff1220585707d2b) Importer(2089858483,192608db42251d675da83286b1cce702) (ScriptedImporter) -> (artifact id: '229951ea64fdc3748df4ac327acc1b12') in 0.0180538 seconds
Number of updated asset objects reloaded before import = 0Number of asset objects unloaded after import = 1

========================================================================
Received Import Request.
  Time since last request: 0.000038 seconds.
  path: Assets/Imported Assets/GDTV Assets/Animations/Vil_Animation_Controller.controller
  artifactKey: Guid(efdf566a075231a4880b5f044d4e639c) Importer(2089858483,192608db42251d675da83286b1cce702)
Start importing Assets/Imported Assets/GDTV Assets/Animations/Vil_Animation_Controller.controller using Guid(efdf566a075231a4880b5f044d4e639c) Importer(2089858483,192608db42251d675da83286b1cce702) (ScriptedImporter) -> (artifact id: 'f8707b4964829f063144da86e2ed3c17') in 0.1314146 seconds
Number of updated asset objects reloaded before import = 0Number of asset objects unloaded after import = 8

========================================================================
Received Import Request.
  Time since last request: 0.000046 seconds.
  path: Assets/Imported Assets/skybox DEMO/textures/4096x2048/Materials/6.mat
  artifactKey: Guid(14774dfb0ef48db4a9b25f06aa8afc08) Importer(2089858483,192608db42251d675da83286b1cce702)
Start importing Assets/Imported Assets/skybox DEMO/textures/4096x2048/Materials/6.mat using Guid(14774dfb0ef48db4a9b25f06aa8afc08) Importer(2089858483,192608db42251d675da83286b1cce702) (ScriptedImporter) -> (artifact id: 'eb592d3068f3ad3e0ff60abd2b34ea4d') in 0.0611376 seconds
Number of updated asset objects reloaded before import = 0Number of asset objects unloaded after import = 2

========================================================================
Received Import Request.
  Time since last request: 0.000057 seconds.
  path: Assets/TextMesh Pro/Resources/Fonts & Materials/LiberationSans SDF - Drop Shadow.mat
  artifactKey: Guid(e73a58f6e2794ae7b1b7e50b7fb811b0) Importer(2089858483,192608db42251d675da83286b1cce702)
Start importing Assets/TextMesh Pro/Resources/Fonts & Materials/LiberationSans SDF - Drop Shadow.mat using Guid(e73a58f6e2794ae7b1b7e50b7fb811b0) Importer(2089858483,192608db42251d675da83286b1cce702) (ScriptedImporter) -> (artifact id: 'ba079fcc6353a447a0e1d5a25ba750d9') in 0.0764322 seconds
Number of updated asset objects reloaded before import = 0Number of asset objects unloaded after import = 2

========================================================================
Received Import Request.
  Time since last request: 0.000047 seconds.
  path: Assets/Imported Assets/GDTV Assets/Prefabs/Table_Furn_3.prefab
  artifactKey: Guid(cf4d1460232059540bdbbc50ded5b42a) Importer(2089858483,192608db42251d675da83286b1cce702)
Start importing Assets/Imported Assets/GDTV Assets/Prefabs/Table_Furn_3.prefab using Guid(cf4d1460232059540bdbbc50ded5b42a) Importer(2089858483,192608db42251d675da83286b1cce702) (ScriptedImporter) -> (artifact id: 'e02ff38d64add5158ff78abd17578ed4') in 0.0692069 seconds
Number of updated asset objects reloaded before import = 0Number of asset objects unloaded after import = 9

========================================================================
Received Import Request.
  Time since last request: 0.000035 seconds.
  path: Assets/Imported Assets/GDTV Assets/Models/Flag_Prop.fbx
  artifactKey: Guid(d56a180f0cddbcd42bf7bf7cecfdadfa) Importer(2089858483,192608db42251d675da83286b1cce702)
Start importing Assets/Imported Assets/GDTV Assets/Models/Flag_Prop.fbx using Guid(d56a180f0cddbcd42bf7bf7cecfdadfa) Importer(2089858483,192608db42251d675da83286b1cce702) (ScriptedImporter) -> (artifact id: 'cfdb81ffccc5e23f2c830f4e8839bde0') in 0.0384256 seconds
Number of updated asset objects reloaded before import = 0Number of asset objects unloaded after import = 7

========================================================================
Received Import Request.
  Time since last request: 0.000062 seconds.
  path: Assets/Prefabs/FallingObstacles/Barrel.prefab
  artifactKey: Guid(c72f16d3890f8ad4d92bd6c08190223d) Importer(2089858483,192608db42251d675da83286b1cce702)
Start importing Assets/Prefabs/FallingObstacles/Barrel.prefab using Guid(c72f16d3890f8ad4d92bd6c08190223d) Importer(2089858483,192608db42251d675da83286b1cce702) (ScriptedImporter) -> (artifact id: 'dc6d519e5aaef30a4245ff52e2d2106f') in 0.0576528 seconds
Number of updated asset objects reloaded before import = 0Number of asset objects unloaded after import = 27

========================================================================
Received Import Request.
  Time since last request: 0.000056 seconds.
  path: Assets/Imported Assets/skybox DEMO/textures/4096x2048/10.png
  artifactKey: Guid(6f936a1a752ed24408a623115c1910f7) Importer(2089858483,192608db42251d675da83286b1cce702)
Start importing Assets/Imported Assets/skybox DEMO/textures/4096x2048/10.png using Guid(6f936a1a752ed24408a623115c1910f7) Importer(2089858483,192608db42251d675da83286b1cce702) (ScriptedImporter) -> (artifact id: 'a811302d1c261aeddc0e14074eb5af6a') in 0.0759443 seconds
Number of updated asset objects reloaded before import = 0Number of asset objects unloaded after import = 1

========================================================================
Received Import Request.
  Time since last request: 0.000031 seconds.
  path: Assets/Imported Assets/skybox DEMO/textures/2048x1024/19.png
  artifactKey: Guid(b8bee2f31b7cea94097fef4608e066db) Importer(2089858483,192608db42251d675da83286b1cce702)
Start importing Assets/Imported Assets/skybox DEMO/textures/2048x1024/19.png using Guid(b8bee2f31b7cea94097fef4608e066db) Importer(2089858483,192608db42251d675da83286b1cce702) (ScriptedImporter) -> (artifact id: '76a56508ecf00adf2f7e94bd51f14c05') in 0.0458969 seconds
Number of updated asset objects reloaded before import = 0Number of asset objects unloaded after import = 1

========================================================================
Received Import Request.
  Time since last request: 0.000031 seconds.
  path: Assets/Imported Assets/skybox DEMO/textures/2048x1024/Materials/17.mat
  artifactKey: Guid(531ace4ff4754c24d880fb946ed5ffe5) Importer(2089858483,192608db42251d675da83286b1cce702)
Start importing Assets/Imported Assets/skybox DEMO/textures/2048x1024/Materials/17.mat using Guid(531ace4ff4754c24d880fb946ed5ffe5) Importer(2089858483,192608db42251d675da83286b1cce702) (ScriptedImporter) -> (artifact id: '913974f6ce469289cd8a22273ecc092c') in 0.0370656 seconds
Number of updated asset objects reloaded before import = 0Number of asset objects unloaded after import = 2

========================================================================
Received Import Request.
  Time since last request: 0.000035 seconds.
  path: Assets/TextMesh Pro/Shaders/SDFFunctions.hlsl
  artifactKey: Guid(96de908384869cd409c75efa351d5edf) Importer(2089858483,192608db42251d675da83286b1cce702)
Start importing Assets/TextMesh Pro/Shaders/SDFFunctions.hlsl using Guid(96de908384869cd409c75efa351d5edf) Importer(2089858483,192608db42251d675da83286b1cce702) (ScriptedImporter) -> (artifact id: 'f746011415d0b517f9db7c4011c7490a') in 0.0338729 seconds
Number of updated asset objects reloaded before import = 0Number of asset objects unloaded after import = 1

========================================================================
Received Import Request.
  Time since last request: 0.000034 seconds.
  path: Assets/Imported Assets/GDTV Assets/Materials and Textures/LayoutGround.mat
  artifactKey: Guid(9667f45405701664692342f822f1f027) Importer(2089858483,192608db42251d675da83286b1cce702)
Start importing Assets/Imported Assets/GDTV Assets/Materials and Textures/LayoutGround.mat using Guid(9667f45405701664692342f822f1f027) Importer(2089858483,192608db42251d675da83286b1cce702) (ScriptedImporter) -> (artifact id: 'fb2d7920e1e4c70402632431579ef05f') in 0.0371539 seconds
Number of updated asset objects reloaded before import = 0Number of asset objects unloaded after import = 1

========================================================================
Received Import Request.
  Time since last request: 0.000035 seconds.
  path: Assets/Imported Assets/skybox DEMO/textures/2048x1024/Materials/19.mat
  artifactKey: Guid(a585043776936c649bb24de0254b4f40) Importer(2089858483,192608db42251d675da83286b1cce702)
Start importing Assets/Imported Assets/skybox DEMO/textures/2048x1024/Materials/19.mat using Guid(a585043776936c649bb24de0254b4f40) Importer(2089858483,192608db42251d675da83286b1cce702) (ScriptedImporter) -> (artifact id: '42605237b7164bdc0931e3f8eea98944') in 0.0394235 seconds
Number of updated asset objects reloaded before import = 0Number of asset objects unloaded after import = 2

========================================================================
Received Import Request.
  Time since last request: 0.000030 seconds.
  path: Assets/Imported Assets/skybox DEMO/textures/4096x2048/Materials/5.mat
  artifactKey: Guid(e51393e67d42d4d4592111d8259543d2) Importer(2089858483,192608db42251d675da83286b1cce702)
Start importing Assets/Imported Assets/skybox DEMO/textures/4096x2048/Materials/5.mat using Guid(e51393e67d42d4d4592111d8259543d2) Importer(2089858483,192608db42251d675da83286b1cce702) (ScriptedImporter) -> (artifact id: '1e8b611551c2943430498ad58d6af493') in 0.0483414 seconds
Number of updated asset objects reloaded before import = 0Number of asset objects unloaded after import = 2

========================================================================
Received Import Request.
  Time since last request: 0.000040 seconds.
  path: Assets/Imported Assets/GDTV Assets/Models/Chair_Wooden_Furn_04.fbx
  artifactKey: Guid(dffc10c2c9b1eea4b9e6fffc248e9f01) Importer(2089858483,192608db42251d675da83286b1cce702)
Start importing Assets/Imported Assets/GDTV Assets/Models/Chair_Wooden_Furn_04.fbx using Guid(dffc10c2c9b1eea4b9e6fffc248e9f01) Importer(2089858483,192608db42251d675da83286b1cce702) (ScriptedImporter) -> (artifact id: '19a12339b89520ffbfce56f6ec3d4fb7') in 0.0407252 seconds
Number of updated asset objects reloaded before import = 0Number of asset objects unloaded after import = 9

========================================================================
Received Import Request.
  Time since last request: 0.000035 seconds.
  path: Assets/TextMesh Pro/Shaders/TMP_SDF-URP Unlit.shadergraph
  artifactKey: Guid(124c112a6e8f1a54e8b0870e881b56d8) Importer(2089858483,192608db42251d675da83286b1cce702)
Start importing Assets/TextMesh Pro/Shaders/TMP_SDF-URP Unlit.shadergraph using Guid(124c112a6e8f1a54e8b0870e881b56d8) Importer(2089858483,192608db42251d675da83286b1cce702) (ScriptedImporter) -> (artifact id: '7ebc84d0975883702486b01683d0d06d') in 0.5171747 seconds
Number of updated asset objects reloaded before import = 0Number of asset objects unloaded after import = 4

========================================================================
Received Import Request.
  Time since last request: 0.000039 seconds.
  path: Assets/Imported Assets/GDTV Assets/Prefabs/Stool_Stone_Furn.prefab
  artifactKey: Guid(caaa734de3fb1bc4788057fd8d11d6f5) Importer(2089858483,192608db42251d675da83286b1cce702)
Start importing Assets/Imported Assets/GDTV Assets/Prefabs/Stool_Stone_Furn.prefab using Guid(caaa734de3fb1bc4788057fd8d11d6f5) Importer(2089858483,192608db42251d675da83286b1cce702) (ScriptedImporter) -> (artifact id: '878ad0b221472617d6f537c1b3e754d5') in 0.0407807 seconds
Number of updated asset objects reloaded before import = 0Number of asset objects unloaded after import = 9

========================================================================
Received Import Request.
  Time since last request: 0.000057 seconds.
  path: Assets/Imported Assets/GDTV Assets/Models/Pillar_Bldg_01.fbx
  artifactKey: Guid(e6a9e85339e7fce44b2f0d4dd5044014) Importer(2089858483,192608db42251d675da83286b1cce702)
Start importing Assets/Imported Assets/GDTV Assets/Models/Pillar_Bldg_01.fbx using Guid(e6a9e85339e7fce44b2f0d4dd5044014) Importer(2089858483,192608db42251d675da83286b1cce702) (ScriptedImporter) -> (artifact id: '89c793a321ba1fa16b06b3603343a3d2') in 0.0352147 seconds
Number of updated asset objects reloaded before import = 0Number of asset objects unloaded after import = 7

========================================================================
Received Import Request.
  Time since last request: 0.000047 seconds.
  path: Assets/Imported Assets/skybox DEMO/textures/1920x1080/Materials/12.mat
  artifactKey: Guid(19d03418fc98f98419238b9c92edb9eb) Importer(2089858483,192608db42251d675da83286b1cce702)
Start importing Assets/Imported Assets/skybox DEMO/textures/1920x1080/Materials/12.mat using Guid(19d03418fc98f98419238b9c92edb9eb) Importer(2089858483,192608db42251d675da83286b1cce702) (ScriptedImporter) -> (artifact id: 'fd8cd2deae2060606d573bb7511403e5') in 0.0312394 seconds
Number of updated asset objects reloaded before import = 0Number of asset objects unloaded after import = 2

========================================================================
Received Import Request.
  Time since last request: 0.000025 seconds.
  path: Assets/Imported Assets/GDTV Assets/Prefabs/Mossy_Rock_Env_01.prefab
  artifactKey: Guid(94e6a88d7014ff54386296c2929cb89e) Importer(2089858483,192608db42251d675da83286b1cce702)
Start importing Assets/Imported Assets/GDTV Assets/Prefabs/Mossy_Rock_Env_01.prefab using Guid(94e6a88d7014ff54386296c2929cb89e) Importer(2089858483,192608db42251d675da83286b1cce702) (ScriptedImporter) -> (artifact id: '5d841f1cbe78315c2d24cbde4a291528') in 0.0625194 seconds
Number of updated asset objects reloaded before import = 0Number of asset objects unloaded after import = 9

========================================================================
Received Import Request.
  Time since last request: 0.000037 seconds.
  path: Assets/TextMesh Pro/Shaders/TMP_SDF-HDRP LIT.shadergraph
  artifactKey: Guid(ca2ed216f98028c4dae6c5224a952b3c) Importer(2089858483,192608db42251d675da83286b1cce702)
Start importing Assets/TextMesh Pro/Shaders/TMP_SDF-HDRP LIT.shadergraph using Guid(ca2ed216f98028c4dae6c5224a952b3c) Importer(2089858483,192608db42251d675da83286b1cce702) (ScriptedImporter) -> (artifact id: 'c2b5f355190cebb2e0a97eaa45997ee2') in 0.0428497 seconds
Number of updated asset objects reloaded before import = 0Number of asset objects unloaded after import = 3

========================================================================
Received Import Request.
  Time since last request: 0.000047 seconds.
  path: Assets/Imported Assets/skybox DEMO/textures/1920x1080/14.png
  artifactKey: Guid(269f25658bc2bd647b77fc842b955456) Importer(2089858483,192608db42251d675da83286b1cce702)
Start importing Assets/Imported Assets/skybox DEMO/textures/1920x1080/14.png using Guid(269f25658bc2bd647b77fc842b955456) Importer(2089858483,192608db42251d675da83286b1cce702) (ScriptedImporter) -> (artifact id: '68c90733f612713489af09b99a3b6895') in 0.0246481 seconds
Number of updated asset objects reloaded before import = 0Number of asset objects unloaded after import = 1

========================================================================
Received Import Request.
  Time since last request: 0.000032 seconds.
  path: Assets/Imported Assets/GDTV Assets/Images/Long Triangle.png
  artifactKey: Guid(90ae70b650dc9de4ea612dd27709e6d7) Importer(2089858483,192608db42251d675da83286b1cce702)
Start importing Assets/Imported Assets/GDTV Assets/Images/Long Triangle.png using Guid(90ae70b650dc9de4ea612dd27709e6d7) Importer(2089858483,192608db42251d675da83286b1cce702) (ScriptedImporter) -> (artifact id: '1229d12c1a026c6932976427cdc49838') in 0.0363369 seconds
Number of updated asset objects reloaded before import = 0Number of asset objects unloaded after import = 1

========================================================================
Received Import Request.
  Time since last request: 0.000029 seconds.
  path: Assets/Imported Assets/GDTV Assets/Animations/Run.anim
  artifactKey: Guid(01c2846014b42854993a9669acb51e81) Importer(2089858483,192608db42251d675da83286b1cce702)
Start importing Assets/Imported Assets/GDTV Assets/Animations/Run.anim using Guid(01c2846014b42854993a9669acb51e81) Importer(2089858483,192608db42251d675da83286b1cce702) (ScriptedImporter) -> (artifact id: '56c88ee5ad504c52249066ad1d0b7f64') in 0.0449884 seconds
Number of updated asset objects reloaded before import = 0Number of asset objects unloaded after import = 1

========================================================================
Received Import Request.
  Time since last request: 0.000044 seconds.
  path: Assets/TextMesh Pro/Shaders/TMP_SDF-Mobile Masking.shader
  artifactKey: Guid(bc1ede39bf3643ee8e493720e4259791) Importer(2089858483,192608db42251d675da83286b1cce702)
Start importing Assets/TextMesh Pro/Shaders/TMP_SDF-Mobile Masking.shader using Guid(bc1ede39bf3643ee8e493720e4259791) Importer(2089858483,192608db42251d675da83286b1cce702) (ScriptedImporter) -> (artifact id: '861fc4c11d1acbd21b449da2e848aa0d') in 0.0233861 seconds
Number of updated asset objects reloaded before import = 0Number of asset objects unloaded after import = 1

========================================================================
Received Import Request.
  Time since last request: 0.000047 seconds.
  path: Assets/TextMesh Pro/Shaders/TMP_Sprite.shader
  artifactKey: Guid(cf81c85f95fe47e1a27f6ae460cf182c) Importer(2089858483,192608db42251d675da83286b1cce702)
Start importing Assets/TextMesh Pro/Shaders/TMP_Sprite.shader using Guid(cf81c85f95fe47e1a27f6ae460cf182c) Importer(2089858483,192608db42251d675da83286b1cce702) (ScriptedImporter) -> (artifact id: '231d0b693050b374be6f9a79b84d543c') in 0.0163661 seconds
Number of updated asset objects reloaded before import = 0Number of asset objects unloaded after import = 1

========================================================================
Received Import Request.
  Time since last request: 0.000036 seconds.
  path: Assets/Imported Assets/GDTV Assets/Models/Wall_Cornice_Modular_01.fbx
  artifactKey: Guid(2a51ab4348072a541aa0f8aea0e6f88c) Importer(2089858483,192608db42251d675da83286b1cce702)
Start importing Assets/Imported Assets/GDTV Assets/Models/Wall_Cornice_Modular_01.fbx using Guid(2a51ab4348072a541aa0f8aea0e6f88c) Importer(2089858483,192608db42251d675da83286b1cce702) (ScriptedImporter) -> (artifact id: '198dd76dc8dd724708309d9b510d1d0b') in 0.0319119 seconds
Number of updated asset objects reloaded before import = 0Number of asset objects unloaded after import = 7

========================================================================
Received Import Request.
  Time since last request: 0.000030 seconds.
  path: Assets/Imported Assets/GDTV Assets/Prefabs/Crate_Wooden_Prop.prefab
  artifactKey: Guid(1dbc3380871ee554db4b0105cc963764) Importer(2089858483,192608db42251d675da83286b1cce702)
Start importing Assets/Imported Assets/GDTV Assets/Prefabs/Crate_Wooden_Prop.prefab using Guid(1dbc3380871ee554db4b0105cc963764) Importer(2089858483,192608db42251d675da83286b1cce702) (ScriptedImporter) -> (artifact id: '606b54f120da33f3bcb89ee7dd7b22f9') in 0.0509548 seconds
Number of updated asset objects reloaded before import = 0Number of asset objects unloaded after import = 9

========================================================================
Received Import Request.
  Time since last request: 0.000044 seconds.
  path: Assets/TextMesh Pro/Fonts/LiberationSans.ttf
  artifactKey: Guid(e3265ab4bf004d28a9537516768c1c75) Importer(2089858483,192608db42251d675da83286b1cce702)
Start importing Assets/TextMesh Pro/Fonts/LiberationSans.ttf using Guid(e3265ab4bf004d28a9537516768c1c75) Importer(2089858483,192608db42251d675da83286b1cce702) (ScriptedImporter) -> (artifact id: '07125ae3c7655a8719ff243f9f222e8d') in 0.0456626 seconds
Number of updated asset objects reloaded before import = 0Number of asset objects unloaded after import = 3

========================================================================
Received Import Request.
  Time since last request: 0.000125 seconds.
  path: Assets/Imported Assets/GDTV Assets/Audio/Boulder Smash.wav
  artifactKey: Guid(b025affaac4800d46a478597f6621056) Importer(2089858483,192608db42251d675da83286b1cce702)
Start importing Assets/Imported Assets/GDTV Assets/Audio/Boulder Smash.wav using Guid(b025affaac4800d46a478597f6621056) Importer(2089858483,192608db42251d675da83286b1cce702) (ScriptedImporter) -> (artifact id: '5f85cdee2b68837e17d68256b6618bce') in 0.0668093 seconds
Number of updated asset objects reloaded before import = 0Number of asset objects unloaded after import = 1

========================================================================
Received Import Request.
  Time since last request: 104.829892 seconds.
  path: Assets/Prefabs/Chunks/Chunk Prefab.prefab
  artifactKey: Guid(8796bfcd5fb92ed49a9681f5a1ffaa3b) Importer(2089858483,192608db42251d675da83286b1cce702)
Start importing Assets/Prefabs/Chunks/Chunk Prefab.prefab using Guid(8796bfcd5fb92ed49a9681f5a1ffaa3b) Importer(2089858483,192608db42251d675da83286b1cce702) (ScriptedImporter) -> (artifact id: '1a7d11bb002863a60d60fad8e1dcad59') in 0.0223855 seconds
Number of updated asset objects reloaded before import = 0Number of asset objects unloaded after import = 95

========================================================================
Received Import Request.
  Time since last request: 35.195337 seconds.
  path: Assets/Imported Assets/Epic-Chase(chosic.com).mp3
  artifactKey: Guid(13d46809584a85041bbf1a280acf4e8c) Importer(815301076,1909f56bfc062723c751e8b465ee728b)
Start importing Assets/Imported Assets/Epic-Chase(chosic.com).mp3 using Guid(13d46809584a85041bbf1a280acf4e8c) Importer(815301076,1909f56bfc062723c751e8b465ee728b) (PreviewImporter) -> (artifact id: '1c872718b22629ee5cf81002c14866c9') in 0.0778766 seconds
Number of updated asset objects reloaded before import = 0Number of asset objects unloaded after import = 2

========================================================================
Received Import Request.
  Time since last request: 1.546262 seconds.
  path: Assets/Prefabs/Pickups/ApplePickup.prefab
  artifactKey: Guid(5f7dde59c1e0a534a8860e7ca7e07b0c) Importer(815301076,1909f56bfc062723c751e8b465ee728b)
Start importing Assets/Prefabs/Pickups/ApplePickup.prefab using Guid(5f7dde59c1e0a534a8860e7ca7e07b0c) Importer(815301076,1909f56bfc062723c751e8b465ee728b) (PreviewImporter) -> (artifact id: '624fb5aecf13a0e558b7f844bfd64fa2') in 3.3722373 seconds
Number of updated asset objects reloaded before import = 0Number of asset objects unloaded after import = 21

========================================================================
Received Import Request.
  Time since last request: 22.473926 seconds.
  path: Assets/Scenes/MainMenu.unity
  artifactKey: Guid(cf1a2185f27521649ad69857edc6f497) Importer(815301076,1909f56bfc062723c751e8b465ee728b)
Start importing Assets/Scenes/MainMenu.unity using Guid(cf1a2185f27521649ad69857edc6f497) Importer(815301076,1909f56bfc062723c751e8b465ee728b) (PreviewImporter) -> (artifact id: '4998d31939f457f72e51de2a9b6b8290') in 0.0010247 seconds
Number of updated asset objects reloaded before import = 0Number of asset objects unloaded after import = 0

========================================================================
Received Import Request.
  Time since last request: 3.606168 seconds.
  path: Assets/Scenes/MainMenu.unity
  artifactKey: Guid(cf1a2185f27521649ad69857edc6f497) Importer(2089858483,192608db42251d675da83286b1cce702)
Start importing Assets/Scenes/MainMenu.unity using Guid(cf1a2185f27521649ad69857edc6f497) Importer(2089858483,192608db42251d675da83286b1cce702) (ScriptedImporter) -> (artifact id: 'bcbd1a0396795624219019d32c121f7b') in 0.0121488 seconds
Number of updated asset objects reloaded before import = 0Number of asset objects unloaded after import = 1

========================================================================
Received Import Request.
  Time since last request: 0.675198 seconds.
  path: Assets/Scenes/MainLevel.unity
  artifactKey: Guid(99c9720ab356a0642a771bea13969a05) Importer(815301076,1909f56bfc062723c751e8b465ee728b)
Start importing Assets/Scenes/MainLevel.unity using Guid(99c9720ab356a0642a771bea13969a05) Importer(815301076,1909f56bfc062723c751e8b465ee728b) (PreviewImporter) -> (artifact id: 'ff94d574df59d58155ce1423d0de91a1') in 0.0006026 seconds
Number of updated asset objects reloaded before import = 0Number of asset objects unloaded after import = 0

========================================================================
Received Import Request.
  Time since last request: 367.796542 seconds.
  path: Assets/Scenes/MainMenu.unity
  artifactKey: Guid(cf1a2185f27521649ad69857edc6f497) Importer(2089858483,192608db42251d675da83286b1cce702)
Start importing Assets/Scenes/MainMenu.unity using Guid(cf1a2185f27521649ad69857edc6f497) Importer(2089858483,192608db42251d675da83286b1cce702) (ScriptedImporter) -> (artifact id: 'c47fe2d89672aaf5390ca87f8449bae6') in 0.0118485 seconds
Number of updated asset objects reloaded before import = 0Number of asset objects unloaded after import = 1

========================================================================
Received Import Request.
  Time since last request: 20.327416 seconds.
  path: Assets/Scenes/MainMenu.unity
  artifactKey: Guid(cf1a2185f27521649ad69857edc6f497) Importer(815301076,1909f56bfc062723c751e8b465ee728b)
Start importing Assets/Scenes/MainMenu.unity using Guid(cf1a2185f27521649ad69857edc6f497) Importer(815301076,1909f56bfc062723c751e8b465ee728b) (PreviewImporter) -> (artifact id: 'fba7f6e5f53876f5b2d7b08c58298d4f') in 0.0007095 seconds
Number of updated asset objects reloaded before import = 0Number of asset objects unloaded after import = 0

========================================================================
Received Import Request.
  Time since last request: 189.800190 seconds.
  path: Assets/Scenes/MainLevel.unity
  artifactKey: Guid(99c9720ab356a0642a771bea13969a05) Importer(2089858483,192608db42251d675da83286b1cce702)
Start importing Assets/Scenes/MainLevel.unity using Guid(99c9720ab356a0642a771bea13969a05) Importer(2089858483,192608db42251d675da83286b1cce702) (ScriptedImporter) -> (artifact id: 'db2d4a3552406616df2a2c315d5e0c71') in 0.0222958 seconds
Number of updated asset objects reloaded before import = 0Number of asset objects unloaded after import = 1

========================================================================
Received Import Request.
  Time since last request: 25.892625 seconds.
  path: Assets/Fonts/Bold Magic SDF.asset
  artifactKey: Guid(e3902bca8bcb12f4ba425756fc6a5363) Importer(815301076,1909f56bfc062723c751e8b465ee728b)
Start importing Assets/Fonts/Bold Magic SDF.asset using Guid(e3902bca8bcb12f4ba425756fc6a5363) Importer(815301076,1909f56bfc062723c751e8b465ee728b) (PreviewImporter) -> (artifact id: 'f7a8a672b544b8f123c5423d1aaf82c0') in 0.1035002 seconds
Number of updated asset objects reloaded before import = 0Number of asset objects unloaded after import = 4

========================================================================
Received Import Request.
  Time since last request: 0.000039 seconds.
  path: Assets/TextMesh Pro/Resources/Fonts & Materials/LiberationSans SDF - Fallback.asset
  artifactKey: Guid(2e498d1c8094910479dc3e1b768306a4) Importer(815301076,1909f56bfc062723c751e8b465ee728b)
Start importing Assets/TextMesh Pro/Resources/Fonts & Materials/LiberationSans SDF - Fallback.asset using Guid(2e498d1c8094910479dc3e1b768306a4) Importer(815301076,1909f56bfc062723c751e8b465ee728b) (PreviewImporter) -> (artifact id: '37989b6b1377cacfcf453b833144707f') in 0.0247567 seconds
Number of updated asset objects reloaded before import = 0Number of asset objects unloaded after import = 6

========================================================================
Received Import Request.
  Time since last request: 37.584140 seconds.
  path: Assets/Scenes/New TMP Color Gradient.asset
  artifactKey: Guid(bdd0e0d64774e074a9b56dedcc463e13) Importer(815301076,1909f56bfc062723c751e8b465ee728b)
Start importing Assets/Scenes/New TMP Color Gradient.asset using Guid(bdd0e0d64774e074a9b56dedcc463e13) Importer(815301076,1909f56bfc062723c751e8b465ee728b) (PreviewImporter) -> (artifact id: '7652c1ee3116524aa227b4491a7fe11a') in 0.0015616 seconds
Number of updated asset objects reloaded before import = 0Number of asset objects unloaded after import = 1

========================================================================
Received Import Request.
  Time since last request: 0.928249 seconds.
  path: Assets/Scenes/New TMP Color Gradient.asset
  artifactKey: Guid(bdd0e0d64774e074a9b56dedcc463e13) Importer(2089858483,192608db42251d675da83286b1cce702)
Start importing Assets/Scenes/New TMP Color Gradient.asset using Guid(bdd0e0d64774e074a9b56dedcc463e13) Importer(2089858483,192608db42251d675da83286b1cce702) (ScriptedImporter) -> (artifact id: 'db7b9087786a0ff43cc9bdf0cceccf65') in 0.0151965 seconds
Number of updated asset objects reloaded before import = 0Number of asset objects unloaded after import = 1

========================================================================
Received Import Request.
  Time since last request: 37.450712 seconds.
  path: Assets/New TMP Color Gradient.asset
  artifactKey: Guid(bdd0e0d64774e074a9b56dedcc463e13) Importer(815301076,1909f56bfc062723c751e8b465ee728b)
Start importing Assets/New TMP Color Gradient.asset using Guid(bdd0e0d64774e074a9b56dedcc463e13) Importer(815301076,1909f56bfc062723c751e8b465ee728b) (PreviewImporter) -> (artifact id: '5c5b3fc2c3d86077abc68d62d7b5eef9') in 0.0012371 seconds
Number of updated asset objects reloaded before import = 0Number of asset objects unloaded after import = 1

========================================================================
Received Import Request.
  Time since last request: 0.942089 seconds.
  path: Assets/New TMP Color Gradient.asset
  artifactKey: Guid(bdd0e0d64774e074a9b56dedcc463e13) Importer(2089858483,192608db42251d675da83286b1cce702)
Start importing Assets/New TMP Color Gradient.asset using Guid(bdd0e0d64774e074a9b56dedcc463e13) Importer(2089858483,192608db42251d675da83286b1cce702) (ScriptedImporter) -> (artifact id: '8bb5a5a0920df8dc7c98a2497f8af814') in 0.0185357 seconds
Number of updated asset objects reloaded before import = 0Number of asset objects unloaded after import = 1

========================================================================
Received Import Request.
  Time since last request: 0.000039 seconds.
  path: Assets
  artifactKey: Guid(00000000000000001000000000000000) Importer(815301076,1909f56bfc062723c751e8b465ee728b)
Start importing Assets using Guid(00000000000000001000000000000000) Importer(815301076,1909f56bfc062723c751e8b465ee728b) (PreviewImporter) -> (artifact id: 'c391582d739b6e62a5220f35cbb167ac') in 0.0004929 seconds
Number of updated asset objects reloaded before import = 0Number of asset objects unloaded after import = 0

========================================================================
Received Import Request.
  Time since last request: 10.344917 seconds.
  path: Assets/TMP-Assets
  artifactKey: Guid(b48e4c6a0d6334a40897dbdc8a63404d) Importer(2089858483,192608db42251d675da83286b1cce702)
Start importing Assets/TMP-Assets using Guid(b48e4c6a0d6334a40897dbdc8a63404d) Importer(2089858483,192608db42251d675da83286b1cce702) (ScriptedImporter) -> (artifact id: 'c26cd69b209a997d09957c055219e88b') in 0.0130626 seconds
Number of updated asset objects reloaded before import = 0Number of asset objects unloaded after import = 1

========================================================================
Received Import Request.
  Time since last request: 3.095189 seconds.
  path: Assets/TMP-Assets
  artifactKey: Guid(b48e4c6a0d6334a40897dbdc8a63404d) Importer(815301076,1909f56bfc062723c751e8b465ee728b)
Start importing Assets/TMP-Assets using Guid(b48e4c6a0d6334a40897dbdc8a63404d) Importer(815301076,1909f56bfc062723c751e8b465ee728b) (PreviewImporter) -> (artifact id: '5ad6964c93a26e94bae7de670a14fda6') in 0.0005952 seconds
Number of updated asset objects reloaded before import = 0Number of asset objects unloaded after import = 0

========================================================================
Received Import Request.
  Time since last request: 1.442574 seconds.
  path: Assets/TMP-Assets/New TMP Color Gradient.asset
  artifactKey: Guid(bdd0e0d64774e074a9b56dedcc463e13) Importer(2089858483,192608db42251d675da83286b1cce702)
Start importing Assets/TMP-Assets/New TMP Color Gradient.asset using Guid(bdd0e0d64774e074a9b56dedcc463e13) Importer(2089858483,192608db42251d675da83286b1cce702) (ScriptedImporter) -> (artifact id: '8d1dc0cc74db5eb69ccf47287f23cafa') in 0.0183421 seconds
Number of updated asset objects reloaded before import = 0Number of asset objects unloaded after import = 1

========================================================================
Received Import Request.
  Time since last request: 71.918885 seconds.
  path: Assets/Input/PlayerControls.inputactions
  artifactKey: Guid(a4ca369eab8146943a22ad0399e6424d) Importer(815301076,1909f56bfc062723c751e8b465ee728b)
Start importing Assets/Input/PlayerControls.inputactions using Guid(a4ca369eab8146943a22ad0399e6424d) Importer(815301076,1909f56bfc062723c751e8b465ee728b) (PreviewImporter) -> (artifact id: '1271584475a8b843eff4703afee7fe38') in 0.0053377 seconds
Number of updated asset objects reloaded before import = 0Number of asset objects unloaded after import = 2

========================================================================
Received Import Request.
  Time since last request: 141.011762 seconds.
  path: Assets/Imported Assets
  artifactKey: Guid(6d38316fdd226794b8a0afd88709f5b0) Importer(815301076,1909f56bfc062723c751e8b465ee728b)
Start importing Assets/Imported Assets using Guid(6d38316fdd226794b8a0afd88709f5b0) Importer(815301076,1909f56bfc062723c751e8b465ee728b) (PreviewImporter) -> (artifact id: 'dbdfd811f6b2ae694a98a21c29ffac2a') in 0.0007132 seconds
Number of updated asset objects reloaded before import = 0Number of asset objects unloaded after import = 0

========================================================================
Received Import Request.
  Time since last request: 2.011817 seconds.
  path: Assets/Imported Assets/skybox DEMO
  artifactKey: Guid(c033a518ce70abe4ea54a2306f7e5906) Importer(815301076,1909f56bfc062723c751e8b465ee728b)
Start importing Assets/Imported Assets/skybox DEMO using Guid(c033a518ce70abe4ea54a2306f7e5906) Importer(815301076,1909f56bfc062723c751e8b465ee728b) (PreviewImporter) -> (artifact id: '0ea7a4ca72f857a29a228196edc27e96') in 0.0015207 seconds
Number of updated asset objects reloaded before import = 0Number of asset objects unloaded after import = 0

========================================================================
Received Import Request.
  Time since last request: 0.887672 seconds.
  path: Assets/Imported Assets/skybox DEMO/textures
  artifactKey: Guid(a6dc1f205996f564287576678d41487f) Importer(815301076,1909f56bfc062723c751e8b465ee728b)
Start importing Assets/Imported Assets/skybox DEMO/textures using Guid(a6dc1f205996f564287576678d41487f) Importer(815301076,1909f56bfc062723c751e8b465ee728b) (PreviewImporter) -> (artifact id: '6a96706dadb29546be948985e848c931') in 0.0026123 seconds
Number of updated asset objects reloaded before import = 0Number of asset objects unloaded after import = 0

========================================================================
Received Import Request.
  Time since last request: 2.460368 seconds.
  path: Assets/Imported Assets/skybox DEMO/textures/1920x1080
  artifactKey: Guid(33957f6182066bf4487d267c9d26ccaa) Importer(815301076,1909f56bfc062723c751e8b465ee728b)
Start importing Assets/Imported Assets/skybox DEMO/textures/1920x1080 using Guid(33957f6182066bf4487d267c9d26ccaa) Importer(815301076,1909f56bfc062723c751e8b465ee728b) (PreviewImporter) -> (artifact id: '07d3c761c08fd4b5845965ce15c51c22') in 0.0022835 seconds
Number of updated asset objects reloaded before import = 0Number of asset objects unloaded after import = 0

========================================================================
Received Import Request.
  Time since last request: 2.260059 seconds.
  path: Assets/Imported Assets/skybox DEMO/textures/1920x1080/11.png
  artifactKey: Guid(afbd3734e66c8384a80f3962d570bd12) Importer(815301076,1909f56bfc062723c751e8b465ee728b)
Start importing Assets/Imported Assets/skybox DEMO/textures/1920x1080/11.png using Guid(afbd3734e66c8384a80f3962d570bd12) Importer(815301076,1909f56bfc062723c751e8b465ee728b) (PreviewImporter) -> (artifact id: '58cc59a2b8bb7d9513f021c7266b9706') in 0.0702991 seconds
Number of updated asset objects reloaded before import = 0Number of asset objects unloaded after import = 1

========================================================================
Received Import Request.
  Time since last request: 0.000032 seconds.
  path: Assets/Imported Assets/skybox DEMO/textures/1920x1080/14.png
  artifactKey: Guid(269f25658bc2bd647b77fc842b955456) Importer(815301076,1909f56bfc062723c751e8b465ee728b)
Start importing Assets/Imported Assets/skybox DEMO/textures/1920x1080/14.png using Guid(269f25658bc2bd647b77fc842b955456) Importer(815301076,1909f56bfc062723c751e8b465ee728b) (PreviewImporter) -> (artifact id: '25e3d1f8693be4e17fce3859c18ce17f') in 0.0257663 seconds
Number of updated asset objects reloaded before import = 0Number of asset objects unloaded after import = 1

========================================================================
Received Import Request.
  Time since last request: 0.000036 seconds.
  path: Assets/Imported Assets/skybox DEMO/textures/1920x1080/13.png
  artifactKey: Guid(388bb74a2edb63a4ca59ffff74da9fef) Importer(815301076,1909f56bfc062723c751e8b465ee728b)
Start importing Assets/Imported Assets/skybox DEMO/textures/1920x1080/13.png using Guid(388bb74a2edb63a4ca59ffff74da9fef) Importer(815301076,1909f56bfc062723c751e8b465ee728b) (PreviewImporter) -> (artifact id: 'cabb81b03180b3239ec866400597e19f') in 0.0282506 seconds
Number of updated asset objects reloaded before import = 0Number of asset objects unloaded after import = 1

